<?xml version="1.0" encoding="UTF-8"?>
<testng-results ignored="0" total="2" passed="2" failed="0" skipped="0">
  <reporter-output>
  </reporter-output>
  <suite started-at="2025-07-06T17:44:14 IST" name="Master Suite" finished-at="2025-07-06T17:44:26 IST" duration-ms="11871">
    <groups>
      <group name="Master">
        <method signature="TC_001_AccountRegisterTest.verify_account_registration()[pri:0, instance:testCases.TC_001_AccountRegisterTest@36bc55de]" name="verify_account_registration" class="testCases.TC_001_AccountRegisterTest"/>
        <method signature="TC_002_LoginTest.verify_login()[pri:0, instance:testCases.TC_002_LoginTest@74fe5c40]" name="verify_login" class="testCases.TC_002_LoginTest"/>
      </group> <!-- Master -->
      <group name="Sanity">
        <method signature="TC_002_LoginTest.verify_login()[pri:0, instance:testCases.TC_002_LoginTest@74fe5c40]" name="verify_login" class="testCases.TC_002_LoginTest"/>
      </group> <!-- Sanity -->
      <group name="Regression">
        <method signature="TC_001_AccountRegisterTest.verify_account_registration()[pri:0, instance:testCases.TC_001_AccountRegisterTest@36bc55de]" name="verify_account_registration" class="testCases.TC_001_AccountRegisterTest"/>
      </group> <!-- Regression -->
    </groups>
    <test started-at="2025-07-06T17:44:14 IST" name="Test" finished-at="2025-07-06T17:44:26 IST" duration-ms="11871">
      <class name="testCases.TC_001_AccountRegisterTest">
        <test-method is-config="true" signature="setup(java.lang.String,java.lang.String)[pri:0, instance:testCases.TC_001_AccountRegisterTest@36bc55de]" started-at="2025-07-06T17:44:14 IST" name="setup" finished-at="2025-07-06T17:44:19 IST" duration-ms="4612" status="PASS">
          <params>
            <param index="0">
              <value>
                <![CDATA[Windows]]>
              </value>
            </param>
            <param index="1">
              <value>
                <![CDATA[chrome]]>
              </value>
            </param>
          </params>
          <reporter-output>
          </reporter-output>
        </test-method> <!-- setup -->
        <test-method signature="verify_account_registration()[pri:0, instance:testCases.TC_001_AccountRegisterTest@36bc55de]" started-at="2025-07-06T17:44:19 IST" name="verify_account_registration" finished-at="2025-07-06T17:44:20 IST" duration-ms="1725" status="PASS">
          <reporter-output>
          </reporter-output>
        </test-method> <!-- verify_account_registration -->
        <test-method is-config="true" signature="tearDown()[pri:0, instance:testCases.TC_001_AccountRegisterTest@36bc55de]" started-at="2025-07-06T17:44:20 IST" name="tearDown" finished-at="2025-07-06T17:44:21 IST" duration-ms="202" status="PASS">
          <reporter-output>
          </reporter-output>
        </test-method> <!-- tearDown -->
      </class> <!-- testCases.TC_001_AccountRegisterTest -->
      <class name="testCases.TC_002_LoginTest">
        <test-method is-config="true" signature="setup(java.lang.String,java.lang.String)[pri:0, instance:testCases.TC_002_LoginTest@74fe5c40]" started-at="2025-07-06T17:44:21 IST" name="setup" finished-at="2025-07-06T17:44:24 IST" duration-ms="3292" status="PASS">
          <params>
            <param index="0">
              <value>
                <![CDATA[Windows]]>
              </value>
            </param>
            <param index="1">
              <value>
                <![CDATA[chrome]]>
              </value>
            </param>
          </params>
          <reporter-output>
          </reporter-output>
        </test-method> <!-- setup -->
        <test-method signature="verify_login()[pri:0, instance:testCases.TC_002_LoginTest@74fe5c40]" started-at="2025-07-06T17:44:24 IST" name="verify_login" finished-at="2025-07-06T17:44:25 IST" duration-ms="1558" status="PASS">
          <reporter-output>
          </reporter-output>
        </test-method> <!-- verify_login -->
        <test-method is-config="true" signature="tearDown()[pri:0, instance:testCases.TC_002_LoginTest@74fe5c40]" started-at="2025-07-06T17:44:25 IST" name="tearDown" finished-at="2025-07-06T17:44:26 IST" duration-ms="143" status="PASS">
          <reporter-output>
          </reporter-output>
        </test-method> <!-- tearDown -->
      </class> <!-- testCases.TC_002_LoginTest -->
    </test> <!-- Test -->
  </suite> <!-- Master Suite -->
</testng-results>
